[debug] > Exec(early(addDefaultCommands), None, None)
[debug] > Exec(addDefaultCommands, None, None)
[debug] > Exec(early(initialize), None, None)
[debug] > Exec(initialize, None, None)
[debug] > Exec(boot, None, None)
[debug] > Exec(writeSbtVersion, None, None)
[debug] > Exec(reload, None, None)
[debug] > Exec(sbtStashOnFailure, None, None)
[debug] > Exec(onFailure loadFailed, None, None)
[debug] > Exec(loadp, None, None)
[info] welcome to sbt 1.9.7 (Oracle Corporation Java 1.8.0_202)
[debug]       Load.loadUnit: plugins took 11289.044161ms
[debug]       Load.loadUnit: defsScala took 19.131597ms
[debug] [Loading] Scanning directory /home/ubuntu/.sbt/1.0/plugins
[debug] [Loading] Found non-root projects 
[debug] [Loading] Done in /home/ubuntu/.sbt/1.0/plugins, returning: ()
[debug] deducing auto plugins based on known facts Set(Atom(sbt.plugins.CorePlugin)) and clauses Clauses(Clause(Atom(sbt.plugins.JvmPlugin),Set(Atom(sbt.plugins.IvyPlugin)))
[debug] Clause(Atom(sbt.ScriptedPlugin),Set(Atom(sbt.plugins.JvmPlugin)))
[debug] Clause(Atom(sbt.plugins.SbtPlugin),Set(Atom(sbt.ScriptedPlugin)))
[debug] Clause(Atom(sbt.plugins.SemanticdbPlugin),Set(Atom(sbt.plugins.JvmPlugin)))
[debug] Clause(Atom(sbt.plugins.JUnitXmlReportPlugin),Set(Atom(sbt.plugins.JvmPlugin)))
[debug] Clause(Atom(sbt.plugins.MiniDependencyTreePlugin),Set(Atom(sbt.plugins.JvmPlugin)))
[debug] Clause(Atom(sbt.plugins.CorePlugin),Set(Atom(sbt.plugins.IvyPlugin)))
[debug] Clause(Atom(sbt.plugins.IvyPlugin),Set(Atom(sbt.plugins.JvmPlugin)))
[debug] Clause(Atom(sbt.plugins.JvmPlugin),Set(Atom(sbt.plugins.SemanticdbPlugin)))
[debug] Clause(Atom(sbt.plugins.JvmPlugin),Set(Atom(sbt.plugins.JUnitXmlReportPlugin)))
[debug] Clause(Atom(sbt.plugins.CorePlugin),Set(Atom(sbt.plugins.Giter8TemplatePlugin)))
[debug] Clause(Atom(sbt.plugins.JvmPlugin),Set(Atom(sbt.plugins.MiniDependencyTreePlugin))))
[debug]   :: deduced result: Matched(sbt.plugins.CorePlugin,sbt.plugins.Giter8TemplatePlugin,sbt.plugins.IvyPlugin,sbt.plugins.JvmPlugin,sbt.plugins.MiniDependencyTreePlugin,sbt.plugins.JUnitXmlReportPlugin,sbt.plugins.SemanticdbPlugin)
[debug] Plugins.deducer#function took 5762.145337 ms
[debug]           Load.resolveProject(global-plugins) took 4378.611567ms
[debug]         Load.loadTransitive: finalizeProject(Project(id global-plugins, base: /home/ubuntu/.sbt/1.0/plugins, plugins: List(<none>))) took 11555.619914ms
[debug] [Loading] Done in /home/ubuntu/.sbt/1.0/plugins, returning: (global-plugins)
[debug]       Load.loadUnit: loadedProjectsRaw took 12413.510172ms
[debug]       Load.loadUnit: cleanEvalClasses took 0.784067ms
[debug]     Load.loadUnit(file:/home/ubuntu/.sbt/1.0/plugins/, ...) took 24639.663724ms
[warn] In the last 73 seconds, 5.073 (7.0%) were spent in GC. [Heap: 0.23GB free of 0.27GB, max 1.72GB] Consider increasing the JVM heap using `-Xmx` or try a different collector, e.g. `-XX:+UseG1GC`, for better performance.
[debug]   Load.apply: load took 56573.578419ms
[debug]   Load.apply: resolveProjects took 166.473338ms
[debug]   Load.apply: finalTransforms took 5964.560602ms
[debug]   Load.apply: config.delegates took 90.917553ms
[debug]   Load.apply: Def.make(settings)... took 18799.915857ms
[debug]   Load.apply: structureIndex took 1784.039402ms
[debug]   Load.apply: mkStreams took 18.457052ms
[info] loading global plugins from /home/ubuntu/.sbt/1.0/plugins
[debug] Running task... Cancel: Signal, check cycles: false, forcegc: true
[warn] In the last 275 seconds, 5.705 (2.1%) were spent in GC. [Heap: 0.44GB free of 0.50GB, max 1.72GB] Consider increasing the JVM heap using `-Xmx` or try a different collector, e.g. `-XX:+UseG1GC`, for better performance.
[debug] Load.defaultLoad until apply took 412490.235687ms
[debug]           Load.loadUnit: plugins took 41.141441ms
[debug]           Load.loadUnit: defsScala took 0.013244ms
[debug] [Loading] Scanning directory /home/ubuntu/IdeaProjects/ilaya/IlayaBharathi260199/Scala/project
[debug] [Loading] Found non-root projects 
[debug] [Loading] Done in /home/ubuntu/IdeaProjects/ilaya/IlayaBharathi260199/Scala/project, returning: ()
[debug] deducing auto plugins based on known facts Set(Atom(sbt.plugins.CorePlugin)) and clauses Clauses(Clause(Atom(sbt.plugins.JvmPlugin),Set(Atom(sbt.plugins.IvyPlugin)))
[debug] Clause(Atom(sbt.ScriptedPlugin),Set(Atom(sbt.plugins.JvmPlugin)))
[debug] Clause(Atom(sbt.plugins.SbtPlugin),Set(Atom(sbt.ScriptedPlugin)))
[debug] Clause(Atom(sbt.plugins.SemanticdbPlugin),Set(Atom(sbt.plugins.JvmPlugin)))
[debug] Clause(Atom(sbt.plugins.JUnitXmlReportPlugin),Set(Atom(sbt.plugins.JvmPlugin)))
[debug] Clause(Atom(sbt.plugins.MiniDependencyTreePlugin),Set(Atom(sbt.plugins.JvmPlugin)))
[debug] Clause(Atom(sbt.plugins.CorePlugin),Set(Atom(sbt.plugins.IvyPlugin)))
[debug] Clause(Atom(sbt.plugins.IvyPlugin),Set(Atom(sbt.plugins.JvmPlugin)))
[debug] Clause(Atom(sbt.plugins.JvmPlugin),Set(Atom(sbt.plugins.SemanticdbPlugin)))
[debug] Clause(Atom(sbt.plugins.JvmPlugin),Set(Atom(sbt.plugins.JUnitXmlReportPlugin)))
[debug] Clause(Atom(sbt.plugins.CorePlugin),Set(Atom(sbt.plugins.Giter8TemplatePlugin)))
[debug] Clause(Atom(sbt.plugins.JvmPlugin),Set(Atom(sbt.plugins.MiniDependencyTreePlugin))))
[debug]   :: deduced result: Matched(sbt.plugins.CorePlugin,sbt.plugins.Giter8TemplatePlugin,sbt.plugins.IvyPlugin,sbt.plugins.JvmPlugin,sbt.plugins.MiniDependencyTreePlugin,sbt.plugins.JUnitXmlReportPlugin,sbt.plugins.SemanticdbPlugin)
[debug] Plugins.deducer#function took 194.653571 ms
[debug]               Load.resolveProject(scala-build) took 1.01615ms
[debug]             Load.loadTransitive: finalizeProject(Project(id scala-build, base: /home/ubuntu/IdeaProjects/ilaya/IlayaBharathi260199/Scala/project, plugins: List(<none>))) took 196.17482ms
[debug] [Loading] Done in /home/ubuntu/IdeaProjects/ilaya/IlayaBharathi260199/Scala/project, returning: (scala-build)
[debug]           Load.loadUnit: loadedProjectsRaw took 217.782594ms
[debug]           Load.loadUnit: cleanEvalClasses took 0.009147ms
[debug]         Load.loadUnit(file:/home/ubuntu/IdeaProjects/ilaya/IlayaBharathi260199/Scala/project/, ...) took 264.147283ms
[debug]       Load.apply: load took 265.689681ms
[debug]       Load.apply: resolveProjects took 0.095985ms
[debug]       Load.apply: finalTransforms took 2591.35135ms
[debug]       Load.apply: config.delegates took 1.002506ms
[debug]       Load.apply: Def.make(settings)... took 2095.49529ms
[debug]       Load.apply: structureIndex took 6974.625123ms
[debug]       Load.apply: mkStreams took 0.007644ms
[info] loading project definition from /home/ubuntu/IdeaProjects/ilaya/IlayaBharathi260199/Scala/project
[debug] Running task... Cancel: Signal, check cycles: false, forcegc: true
[debug]     Load.loadUnit: plugins took 397974.128657ms
[debug]     Load.loadUnit: defsScala took 0.053051ms
[debug] [Loading] Scanning directory /home/ubuntu/IdeaProjects/ilaya/IlayaBharathi260199/Scala
[debug]       Load.loadUnit: mkEval took 208985.361136ms
