[debug] > Exec(early(addDefaultCommands), None, None)
[debug] > Exec(addDefaultCommands, None, None)
[debug] > Exec(early(initialize), None, None)
[debug] > Exec(initialize, None, None)
[debug] > Exec(boot, None, None)
[debug] > Exec(writeSbtVersion, None, None)
[debug] > Exec(reload, None, None)
[debug] > Exec(sbtStashOnFailure, None, None)
[debug] > Exec(onFailure loadFailed, None, None)
[debug] > Exec(loadp, None, None)
[info] welcome to sbt 1.9.8 (Oracle Corporation Java 1.8.0_202)
[warn] In the last 33 seconds, 6.423 (19.8%) were spent in GC. [Heap: 0.21GB free of 0.25GB, max 1.72GB] Consider increasing the JVM heap using `-Xmx` or try a different collector, e.g. `-XX:+UseG1GC`, for better performance.
[debug]       Load.loadUnit: plugins took 19505.826833ms
[debug]       Load.loadUnit: defsScala took 0.78703ms
[debug] [Loading] Scanning directory /home/ubuntu/.sbt/1.0/plugins
[debug] [Loading] Found non-root projects 
[debug] [Loading] Done in /home/ubuntu/.sbt/1.0/plugins, returning: ()
[debug] deducing auto plugins based on known facts Set(Atom(sbt.plugins.CorePlugin)) and clauses Clauses(Clause(Atom(sbt.plugins.JvmPlugin),Set(Atom(sbt.plugins.IvyPlugin)))
[debug] Clause(Atom(sbt.ScriptedPlugin),Set(Atom(sbt.plugins.JvmPlugin)))
[debug] Clause(Atom(sbt.plugins.SbtPlugin),Set(Atom(sbt.ScriptedPlugin)))
[debug] Clause(Atom(sbt.plugins.SemanticdbPlugin),Set(Atom(sbt.plugins.JvmPlugin)))
[debug] Clause(Atom(sbt.plugins.JUnitXmlReportPlugin),Set(Atom(sbt.plugins.JvmPlugin)))
[debug] Clause(Atom(sbt.plugins.MiniDependencyTreePlugin),Set(Atom(sbt.plugins.JvmPlugin)))
[debug] Clause(Atom(sbt.plugins.CorePlugin),Set(Atom(sbt.plugins.IvyPlugin)))
[debug] Clause(Atom(sbt.plugins.IvyPlugin),Set(Atom(sbt.plugins.JvmPlugin)))
[debug] Clause(Atom(sbt.plugins.JvmPlugin),Set(Atom(sbt.plugins.SemanticdbPlugin)))
[debug] Clause(Atom(sbt.plugins.JvmPlugin),Set(Atom(sbt.plugins.JUnitXmlReportPlugin)))
[debug] Clause(Atom(sbt.plugins.CorePlugin),Set(Atom(sbt.plugins.Giter8TemplatePlugin)))
[debug] Clause(Atom(sbt.plugins.JvmPlugin),Set(Atom(sbt.plugins.MiniDependencyTreePlugin))))
[debug]   :: deduced result: Matched(sbt.plugins.CorePlugin,sbt.plugins.Giter8TemplatePlugin,sbt.plugins.IvyPlugin,sbt.plugins.JvmPlugin,sbt.plugins.MiniDependencyTreePlugin,sbt.plugins.JUnitXmlReportPlugin,sbt.plugins.SemanticdbPlugin)
[warn] In the last 48 seconds, 6.821 (14.5%) were spent in GC. [Heap: 0.25GB free of 0.28GB, max 1.72GB] Consider increasing the JVM heap using `-Xmx` or try a different collector, e.g. `-XX:+UseG1GC`, for better performance.
[debug] Plugins.deducer#function took 11108.802696 ms
[debug]           Load.resolveProject(global-plugins) took 18942.607185ms
[debug]         Load.loadTransitive: finalizeProject(Project(id global-plugins, base: /home/ubuntu/.sbt/1.0/plugins, plugins: List(<none>))) took 34076.899407ms
[debug] [Loading] Done in /home/ubuntu/.sbt/1.0/plugins, returning: (global-plugins)
[debug]       Load.loadUnit: loadedProjectsRaw took 34733.49567ms
[debug]       Load.loadUnit: cleanEvalClasses took 0.449034ms
[debug]     Load.loadUnit(file:/home/ubuntu/.sbt/1.0/plugins/, ...) took 54267.827646ms
[debug]   Load.apply: load took 77134.537014ms
[debug]   Load.apply: resolveProjects took 409.819597ms
[debug]   Load.apply: finalTransforms took 11271.002962ms
[debug]   Load.apply: config.delegates took 2922.172587ms
