[debug] > Exec(early(addDefaultCommands), None, None)
[debug] > Exec(addDefaultCommands, None, None)
[debug] > Exec(early(initialize), None, None)
[debug] > Exec(initialize, None, None)
[debug] > Exec(boot, None, None)
[debug] > Exec(writeSbtVersion, None, None)
[debug] > Exec(reload, None, None)
[debug] > Exec(sbtStashOnFailure, None, None)
[debug] > Exec(onFailure loadFailed, None, None)
[debug] > Exec(loadp, None, None)
[info] welcome to sbt 1.9.8 (Oracle Corporation Java 1.8.0_202)
[debug]       Load.loadUnit: plugins took 523.619003ms
[debug]       Load.loadUnit: defsScala took 0.489959ms
[debug] [Loading] Scanning directory /home/ubuntu/.sbt/1.0/plugins
[debug] [Loading] Found non-root projects 
[debug] [Loading] Done in /home/ubuntu/.sbt/1.0/plugins, returning: ()
[debug] deducing auto plugins based on known facts Set(Atom(sbt.plugins.CorePlugin)) and clauses Clauses(Clause(Atom(sbt.plugins.JvmPlugin),Set(Atom(sbt.plugins.IvyPlugin)))
[debug] Clause(Atom(sbt.ScriptedPlugin),Set(Atom(sbt.plugins.JvmPlugin)))
[debug] Clause(Atom(sbt.plugins.SbtPlugin),Set(Atom(sbt.ScriptedPlugin)))
[debug] Clause(Atom(sbt.plugins.SemanticdbPlugin),Set(Atom(sbt.plugins.JvmPlugin)))
[debug] Clause(Atom(sbt.plugins.JUnitXmlReportPlugin),Set(Atom(sbt.plugins.JvmPlugin)))
[debug] Clause(Atom(sbt.plugins.MiniDependencyTreePlugin),Set(Atom(sbt.plugins.JvmPlugin)))
[debug] Clause(Atom(sbt.plugins.CorePlugin),Set(Atom(sbt.plugins.IvyPlugin)))
[debug] Clause(Atom(sbt.plugins.IvyPlugin),Set(Atom(sbt.plugins.JvmPlugin)))
[debug] Clause(Atom(sbt.plugins.JvmPlugin),Set(Atom(sbt.plugins.SemanticdbPlugin)))
[debug] Clause(Atom(sbt.plugins.JvmPlugin),Set(Atom(sbt.plugins.JUnitXmlReportPlugin)))
[debug] Clause(Atom(sbt.plugins.CorePlugin),Set(Atom(sbt.plugins.Giter8TemplatePlugin)))
[debug] Clause(Atom(sbt.plugins.JvmPlugin),Set(Atom(sbt.plugins.MiniDependencyTreePlugin))))
[debug]   :: deduced result: Matched(sbt.plugins.CorePlugin,sbt.plugins.Giter8TemplatePlugin,sbt.plugins.IvyPlugin,sbt.plugins.JvmPlugin,sbt.plugins.MiniDependencyTreePlugin,sbt.plugins.JUnitXmlReportPlugin,sbt.plugins.SemanticdbPlugin)
[debug] Plugins.deducer#function took 180.690252 ms
[debug]           Load.resolveProject(global-plugins) took 843.534759ms
[debug]         Load.loadTransitive: finalizeProject(Project(id global-plugins, base: /home/ubuntu/.sbt/1.0/plugins, plugins: List(<none>))) took 1299.567603ms
[debug] [Loading] Done in /home/ubuntu/.sbt/1.0/plugins, returning: (global-plugins)
[debug]       Load.loadUnit: loadedProjectsRaw took 1531.319046ms
[debug]       Load.loadUnit: cleanEvalClasses took 0.274435ms
[debug]     Load.loadUnit(file:/home/ubuntu/.sbt/1.0/plugins/, ...) took 2115.010303ms
[debug]   Load.apply: load took 3231.619939ms
[debug]   Load.apply: resolveProjects took 71.124677ms
[debug]   Load.apply: finalTransforms took 368.853374ms
[debug]   Load.apply: config.delegates took 18.386199ms
[debug]   Load.apply: Def.make(settings)... took 2415.419159ms
[debug]   Load.apply: structureIndex took 949.061806ms
[debug]   Load.apply: mkStreams took 1.571248ms
[info] loading global plugins from /home/ubuntu/.sbt/1.0/plugins
[debug] Running task... Cancel: Signal, check cycles: false, forcegc: true
[debug] Load.defaultLoad until apply took 26981.767174ms
[debug]           Load.loadUnit: plugins took 121.790008ms
[debug]           Load.loadUnit: defsScala took 0.004298ms
[debug] [Loading] Scanning directory /home/ubuntu/IdeaProjects/ilaya/IlayaBharathi260199/Pipelines/project
[debug] [Loading] Found non-root projects 
[debug] [Loading] Done in /home/ubuntu/IdeaProjects/ilaya/IlayaBharathi260199/Pipelines/project, returning: ()
[debug] deducing auto plugins based on known facts Set(Atom(sbt.plugins.CorePlugin)) and clauses Clauses(Clause(Atom(sbt.plugins.JvmPlugin),Set(Atom(sbt.plugins.IvyPlugin)))
[debug] Clause(Atom(sbt.ScriptedPlugin),Set(Atom(sbt.plugins.JvmPlugin)))
[debug] Clause(Atom(sbt.plugins.SbtPlugin),Set(Atom(sbt.ScriptedPlugin)))
[debug] Clause(Atom(sbt.plugins.SemanticdbPlugin),Set(Atom(sbt.plugins.JvmPlugin)))
[debug] Clause(Atom(sbt.plugins.JUnitXmlReportPlugin),Set(Atom(sbt.plugins.JvmPlugin)))
[debug] Clause(Atom(sbt.plugins.MiniDependencyTreePlugin),Set(Atom(sbt.plugins.JvmPlugin)))
[debug] Clause(Atom(sbt.plugins.CorePlugin),Set(Atom(sbt.plugins.IvyPlugin)))
[debug] Clause(Atom(sbt.plugins.IvyPlugin),Set(Atom(sbt.plugins.JvmPlugin)))
[debug] Clause(Atom(sbt.plugins.JvmPlugin),Set(Atom(sbt.plugins.SemanticdbPlugin)))
[debug] Clause(Atom(sbt.plugins.JvmPlugin),Set(Atom(sbt.plugins.JUnitXmlReportPlugin)))
[debug] Clause(Atom(sbt.plugins.CorePlugin),Set(Atom(sbt.plugins.Giter8TemplatePlugin)))
[debug] Clause(Atom(sbt.plugins.JvmPlugin),Set(Atom(sbt.plugins.MiniDependencyTreePlugin))))
[debug]   :: deduced result: Matched(sbt.plugins.CorePlugin,sbt.plugins.Giter8TemplatePlugin,sbt.plugins.IvyPlugin,sbt.plugins.JvmPlugin,sbt.plugins.MiniDependencyTreePlugin,sbt.plugins.JUnitXmlReportPlugin,sbt.plugins.SemanticdbPlugin)
[debug] Plugins.deducer#function took 15.907639 ms
[debug]               Load.resolveProject(pipelines-build) took 16.842012ms
[debug]             Load.loadTransitive: finalizeProject(Project(id pipelines-build, base: /home/ubuntu/IdeaProjects/ilaya/IlayaBharathi260199/Pipelines/project, plugins: List(<none>))) took 33.357792ms
[debug] [Loading] Done in /home/ubuntu/IdeaProjects/ilaya/IlayaBharathi260199/Pipelines/project, returning: (pipelines-build)
[debug]           Load.loadUnit: loadedProjectsRaw took 53.467843ms
[debug]           Load.loadUnit: cleanEvalClasses took 0.020208ms
[debug]         Load.loadUnit(file:/home/ubuntu/IdeaProjects/ilaya/IlayaBharathi260199/Pipelines/project/, ...) took 180.043146ms
[debug]       Load.apply: load took 195.854334ms
[debug]       Load.apply: resolveProjects took 0.142817ms
[debug]       Load.apply: finalTransforms took 81.008612ms
[debug]       Load.apply: config.delegates took 0.553859ms
[debug]       Load.apply: Def.make(settings)... took 358.774127ms
[debug]       Load.apply: structureIndex took 138.368621ms
[debug]       Load.apply: mkStreams took 0.003497ms
[info] loading project definition from /home/ubuntu/IdeaProjects/ilaya/IlayaBharathi260199/Pipelines/project
[debug] Running task... Cancel: Signal, check cycles: false, forcegc: true
[debug]     Load.loadUnit: plugins took 327880.12372ms
[debug]     Load.loadUnit: defsScala took 0.016501ms
[debug] [Loading] Scanning directory /home/ubuntu/IdeaProjects/ilaya/IlayaBharathi260199/Pipelines
[debug]       Load.loadUnit: mkEval took 2391.473307ms
