[debug] > Exec(;set _root_.scala.collection.Seq(historyPath := None,shellPrompt := { _ => "" },SettingKey[_root_.scala.Option[_root_.sbt.File]]("sbtStructureOutputFile") in _root_.sbt.Global := _root_.scala.Some(_root_.sbt.file("/tmp/sbt-structure.xml")),SettingKey[_root_.java.lang.String]("sbtStructureOptions") in _root_.sbt.Global := "download, resolveClassifiers");apply -cp "/home/ubuntu/.local/share/JetBrains/IdeaIC2023.2/Scala/repo/org/jetbrains/scala/sbt-structure-extractor_2.12_1.0/2023.1.0/sbt-structure-extractor-2023.1.0.jar" org.jetbrains.sbt.CreateTasks;preferScala2;*/*:dumpStructure, Some(3d412ab9-1c58-4fab-b47b-0f6e66118ce9), Some(CommandSource(console0)))
[debug] > Exec(set _root_.scala.collection.Seq(historyPath := None,shellPrompt := { _ => "" },SettingKey[_root_.scala.Option[_root_.sbt.File]]("sbtStructureOutputFile") in _root_.sbt.Global := _root_.scala.Some(_root_.sbt.file("/tmp/sbt-structure.xml")),SettingKey[_root_.java.lang.String]("sbtStructureOptions") in _root_.sbt.Global := "download, resolveClassifiers"), None, Some(CommandSource(console0)))
[warn] In the last 309 seconds, 23.204 (7.5%) were spent in GC. [Heap: 0.52GB free of 0.59GB, max 1.72GB] Consider increasing the JVM heap using `-Xmx` or try a different collector, e.g. `-XX:+UseG1GC`, for better performance.
[warn] In the last 410 seconds, 99.98 (24.4%) were spent in GC. [Heap: 0.51GB free of 0.59GB, max 1.72GB] Consider increasing the JVM heap using `-Xmx` or try a different collector, e.g. `-XX:+UseG1GC`, for better performance.
[info] Defining Global / sbtStructureOptions, Global / sbtStructureOutputFile and 1 others.
[info] The new values will be used by cleanKeepGlobs
[info] 	Run `last` for details.
[debug] Defining 
[debug] 	Global / sbtStructureOptions
[debug] 	Global / sbtStructureOutputFile
[debug] 	history
[debug] 	shellPrompt
[debug] 
[debug] The new values will be used by 
[debug] 	cleanKeepGlobs
[info] Reapplying settings...
[info] set current project to SparkDSL (in build file:/home/ubuntu/IdeaProjects/ilaya/IlayaBharathi260199/SparkDSL/)
[debug] > Exec(apply -cp "/home/ubuntu/.local/share/JetBrains/IdeaIC2023.2/Scala/repo/org/jetbrains/scala/sbt-structure-extractor_2.12_1.0/2023.1.0/sbt-structure-extractor-2023.1.0.jar" org.jetbrains.sbt.CreateTasks, None, Some(CommandSource(console0)))
[info] Applying State transformations org.jetbrains.sbt.CreateTasks from /home/ubuntu/.local/share/JetBrains/IdeaIC2023.2/Scala/repo/org/jetbrains/scala/sbt-structure-extractor_2.12_1.0/2023.1.0/sbt-structure-extractor-2023.1.0.jar
[info] Reapplying settings...
[info] set current project to SparkDSL (in build file:/home/ubuntu/IdeaProjects/ilaya/IlayaBharathi260199/SparkDSL/)
[debug] > Exec(preferScala2, None, Some(CommandSource(console0)))
[debug] > Exec(*/*:dumpStructure, None, Some(CommandSource(console0)))
[debug] Evaluating tasks: Global / dumpStructure
[warn] sbt 0.13 shell syntax is deprecated; use slash syntax instead: Global / dumpStructure
[debug] Running task... Cancel: Signal, check cycles: false, forcegc: true
[warn] In the last 2059 seconds, 14.436 (0.7%) were spent in GC. [Heap: 0.62GB free of 0.72GB, max 1.72GB] Consider increasing the JVM heap using `-Xmx` or try a different collector, e.g. `-XX:+UseG1GC`, for better performance.
