[debug] > Exec(;set _root_.scala.collection.Seq(historyPath := None,shellPrompt := { _ => "" },SettingKey[_root_.scala.Option[_root_.sbt.File]]("sbtStructureOutputFile") in _root_.sbt.Global := _root_.scala.Some(_root_.sbt.file("/tmp/sbt-structure10.xml")),SettingKey[_root_.java.lang.String]("sbtStructureOptions") in _root_.sbt.Global := "download, resolveClassifiers");apply -cp "/home/ubuntu/.local/share/JetBrains/IdeaIC2023.2/Scala/repo/org/jetbrains/scala/sbt-structure-extractor_2.12_1.0/2023.1.0/sbt-structure-extractor-2023.1.0.jar" org.jetbrains.sbt.CreateTasks;preferScala2;*/*:dumpStructure, Some(9561b104-2570-4c64-8f3c-c8b2093ea527), Some(CommandSource(console0)))
[debug] > Exec(set _root_.scala.collection.Seq(historyPath := None,shellPrompt := { _ => "" },SettingKey[_root_.scala.Option[_root_.sbt.File]]("sbtStructureOutputFile") in _root_.sbt.Global := _root_.scala.Some(_root_.sbt.file("/tmp/sbt-structure10.xml")),SettingKey[_root_.java.lang.String]("sbtStructureOptions") in _root_.sbt.Global := "download, resolveClassifiers"), None, Some(CommandSource(console0)))
[info] Defining Global / sbtStructureOptions, Global / sbtStructureOutputFile and 1 others.
[info] The new values will be used by cleanKeepGlobs
[info] 	Run `last` for details.
[debug] Defining 
[debug] 	Global / sbtStructureOptions
[debug] 	Global / sbtStructureOutputFile
[debug] 	history
[debug] 	shellPrompt
[debug] 
[debug] The new values will be used by 
[debug] 	cleanKeepGlobs
[info] Reapplying settings...
[info] set current project to SparkDSL (in build file:/home/ubuntu/IdeaProjects/ilaya/IlayaBharathi260199/SparkDSL/)
[debug] > Exec(apply -cp "/home/ubuntu/.local/share/JetBrains/IdeaIC2023.2/Scala/repo/org/jetbrains/scala/sbt-structure-extractor_2.12_1.0/2023.1.0/sbt-structure-extractor-2023.1.0.jar" org.jetbrains.sbt.CreateTasks, None, Some(CommandSource(console0)))
[info] Applying State transformations org.jetbrains.sbt.CreateTasks from /home/ubuntu/.local/share/JetBrains/IdeaIC2023.2/Scala/repo/org/jetbrains/scala/sbt-structure-extractor_2.12_1.0/2023.1.0/sbt-structure-extractor-2023.1.0.jar
[info] Reapplying settings...
[info] set current project to SparkDSL (in build file:/home/ubuntu/IdeaProjects/ilaya/IlayaBharathi260199/SparkDSL/)
[debug] > Exec(preferScala2, None, Some(CommandSource(console0)))
[debug] > Exec(*/*:dumpStructure, None, Some(CommandSource(console0)))
[debug] Evaluating tasks: Global / dumpStructure
[warn] sbt 0.13 shell syntax is deprecated; use slash syntax instead: Global / dumpStructure
[debug] Running task... Cancel: Signal, check cycles: false, forcegc: true
