[debug] > Exec(early(addDefaultCommands), None, None)
[debug] > Exec(addDefaultCommands, None, None)
[debug] > Exec(early(initialize), None, None)
[debug] > Exec(initialize, None, None)
[debug] > Exec(boot, None, None)
[debug] > Exec(writeSbtVersion, None, None)
[debug] > Exec(reload, None, None)
[debug] > Exec(sbtStashOnFailure, None, None)
[debug] > Exec(onFailure loadFailed, None, None)
[debug] > Exec(loadp, None, None)
[info] welcome to sbt 1.9.7 (Oracle Corporation Java 1.8.0_202)
[debug]       Load.loadUnit: plugins took 274.046106ms
[debug]       Load.loadUnit: defsScala took 0.860574ms
[debug] [Loading] Scanning directory /home/ubuntu/.sbt/1.0/plugins
[debug] [Loading] Found non-root projects 
[debug] [Loading] Done in /home/ubuntu/.sbt/1.0/plugins, returning: ()
[debug] deducing auto plugins based on known facts Set(Atom(sbt.plugins.CorePlugin)) and clauses Clauses(Clause(Atom(sbt.plugins.JvmPlugin),Set(Atom(sbt.plugins.IvyPlugin)))
[debug] Clause(Atom(sbt.ScriptedPlugin),Set(Atom(sbt.plugins.JvmPlugin)))
[debug] Clause(Atom(sbt.plugins.SbtPlugin),Set(Atom(sbt.ScriptedPlugin)))
[debug] Clause(Atom(sbt.plugins.SemanticdbPlugin),Set(Atom(sbt.plugins.JvmPlugin)))
[debug] Clause(Atom(sbt.plugins.JUnitXmlReportPlugin),Set(Atom(sbt.plugins.JvmPlugin)))
[debug] Clause(Atom(sbt.plugins.MiniDependencyTreePlugin),Set(Atom(sbt.plugins.JvmPlugin)))
[debug] Clause(Atom(sbt.plugins.CorePlugin),Set(Atom(sbt.plugins.IvyPlugin)))
[debug] Clause(Atom(sbt.plugins.IvyPlugin),Set(Atom(sbt.plugins.JvmPlugin)))
[debug] Clause(Atom(sbt.plugins.JvmPlugin),Set(Atom(sbt.plugins.SemanticdbPlugin)))
[debug] Clause(Atom(sbt.plugins.JvmPlugin),Set(Atom(sbt.plugins.JUnitXmlReportPlugin)))
[debug] Clause(Atom(sbt.plugins.CorePlugin),Set(Atom(sbt.plugins.Giter8TemplatePlugin)))
[debug] Clause(Atom(sbt.plugins.JvmPlugin),Set(Atom(sbt.plugins.MiniDependencyTreePlugin))))
[debug]   :: deduced result: Matched(sbt.plugins.CorePlugin,sbt.plugins.Giter8TemplatePlugin,sbt.plugins.IvyPlugin,sbt.plugins.JvmPlugin,sbt.plugins.MiniDependencyTreePlugin,sbt.plugins.JUnitXmlReportPlugin,sbt.plugins.SemanticdbPlugin)
[debug] Plugins.deducer#function took 51.818116 ms
[debug]           Load.resolveProject(global-plugins) took 200.490219ms
[debug]         Load.loadTransitive: finalizeProject(Project(id global-plugins, base: /home/ubuntu/.sbt/1.0/plugins, plugins: List(<none>))) took 519.670874ms
[debug] [Loading] Done in /home/ubuntu/.sbt/1.0/plugins, returning: (global-plugins)
[debug]       Load.loadUnit: loadedProjectsRaw took 627.463132ms
[debug]       Load.loadUnit: cleanEvalClasses took 0.276879ms
[debug]     Load.loadUnit(file:/home/ubuntu/.sbt/1.0/plugins/, ...) took 920.241888ms
[debug]   Load.apply: load took 1885.009827ms
[debug]   Load.apply: resolveProjects took 177.355422ms
[debug]   Load.apply: finalTransforms took 805.570427ms
[debug]   Load.apply: config.delegates took 96.313692ms
[debug]   Load.apply: Def.make(settings)... took 1957.716758ms
[debug]   Load.apply: structureIndex took 493.684072ms
[debug]   Load.apply: mkStreams took 13.503615ms
[info] loading global plugins from /home/ubuntu/.sbt/1.0/plugins
[debug] Running task... Cancel: Signal, check cycles: false, forcegc: true
[debug] Load.defaultLoad until apply took 14337.907374ms
[debug]           Load.loadUnit: plugins took 86.693278ms
[debug]           Load.loadUnit: defsScala took 0.070282ms
[debug] [Loading] Scanning directory /home/ubuntu/IdeaProjects/ilaya/IlayaBharathi260199/project
[debug] [Loading] Found non-root projects 
[debug] [Loading] Done in /home/ubuntu/IdeaProjects/ilaya/IlayaBharathi260199/project, returning: ()
[debug] deducing auto plugins based on known facts Set(Atom(sbt.plugins.CorePlugin)) and clauses Clauses(Clause(Atom(sbt.plugins.JvmPlugin),Set(Atom(sbt.plugins.IvyPlugin)))
[debug] Clause(Atom(sbt.ScriptedPlugin),Set(Atom(sbt.plugins.JvmPlugin)))
[debug] Clause(Atom(sbt.plugins.SbtPlugin),Set(Atom(sbt.ScriptedPlugin)))
[debug] Clause(Atom(sbt.plugins.SemanticdbPlugin),Set(Atom(sbt.plugins.JvmPlugin)))
[debug] Clause(Atom(sbt.plugins.JUnitXmlReportPlugin),Set(Atom(sbt.plugins.JvmPlugin)))
[debug] Clause(Atom(sbt.plugins.MiniDependencyTreePlugin),Set(Atom(sbt.plugins.JvmPlugin)))
[debug] Clause(Atom(sbt.plugins.CorePlugin),Set(Atom(sbt.plugins.IvyPlugin)))
[debug] Clause(Atom(sbt.plugins.IvyPlugin),Set(Atom(sbt.plugins.JvmPlugin)))
[debug] Clause(Atom(sbt.plugins.JvmPlugin),Set(Atom(sbt.plugins.SemanticdbPlugin)))
[debug] Clause(Atom(sbt.plugins.JvmPlugin),Set(Atom(sbt.plugins.JUnitXmlReportPlugin)))
[debug] Clause(Atom(sbt.plugins.CorePlugin),Set(Atom(sbt.plugins.Giter8TemplatePlugin)))
[debug] Clause(Atom(sbt.plugins.JvmPlugin),Set(Atom(sbt.plugins.MiniDependencyTreePlugin))))
[debug]   :: deduced result: Matched(sbt.plugins.CorePlugin,sbt.plugins.Giter8TemplatePlugin,sbt.plugins.IvyPlugin,sbt.plugins.JvmPlugin,sbt.plugins.MiniDependencyTreePlugin,sbt.plugins.JUnitXmlReportPlugin,sbt.plugins.SemanticdbPlugin)
[debug] Plugins.deducer#function took 10.055251 ms
[debug]               Load.resolveProject(ilayabharathi260199-build) took 3.412211ms
[debug]             Load.loadTransitive: finalizeProject(Project(id ilayabharathi260199-build, base: /home/ubuntu/IdeaProjects/ilaya/IlayaBharathi260199/project, plugins: List(<none>))) took 15.184833ms
[debug] [Loading] Done in /home/ubuntu/IdeaProjects/ilaya/IlayaBharathi260199/project, returning: (ilayabharathi260199-build)
[debug]           Load.loadUnit: loadedProjectsRaw took 21.152738ms
[debug]           Load.loadUnit: cleanEvalClasses took 0.016451ms
[debug]         Load.loadUnit(file:/home/ubuntu/IdeaProjects/ilaya/IlayaBharathi260199/project/, ...) took 112.173433ms
[debug]       Load.apply: load took 116.182523ms
[debug]       Load.apply: resolveProjects took 0.162495ms
[debug]       Load.apply: finalTransforms took 65.667358ms
[debug]       Load.apply: config.delegates took 3.167982ms
[debug]       Load.apply: Def.make(settings)... took 465.47637ms
[debug]       Load.apply: structureIndex took 88.074093ms
[debug]       Load.apply: mkStreams took 0.002655ms
[info] loading project definition from /home/ubuntu/IdeaProjects/ilaya/IlayaBharathi260199/project
[debug] Running task... Cancel: Signal, check cycles: false, forcegc: true
[debug]     Load.loadUnit: plugins took 1534.890646ms
[debug]     Load.loadUnit: defsScala took 0.00542ms
[debug] [Loading] Scanning directory /home/ubuntu/IdeaProjects/ilaya/IlayaBharathi260199
[debug]       Load.loadUnit: mkEval took 51.022587ms
[debug] [Loading] Found root project root w/ remaining 
[debug] deducing auto plugins based on known facts Set(Atom(sbt.plugins.CorePlugin)) and clauses Clauses(Clause(Atom(sbt.plugins.JvmPlugin),Set(Atom(sbt.plugins.IvyPlugin)))
[debug] Clause(Atom(sbt.ScriptedPlugin),Set(Atom(sbt.plugins.JvmPlugin)))
[debug] Clause(Atom(sbt.plugins.SbtPlugin),Set(Atom(sbt.ScriptedPlugin)))
[debug] Clause(Atom(sbt.plugins.SemanticdbPlugin),Set(Atom(sbt.plugins.JvmPlugin)))
[debug] Clause(Atom(sbt.plugins.JUnitXmlReportPlugin),Set(Atom(sbt.plugins.JvmPlugin)))
[debug] Clause(Atom(sbt.plugins.MiniDependencyTreePlugin),Set(Atom(sbt.plugins.JvmPlugin)))
[debug] Clause(Atom(sbt.plugins.CorePlugin),Set(Atom(sbt.plugins.IvyPlugin)))
[debug] Clause(Atom(sbt.plugins.IvyPlugin),Set(Atom(sbt.plugins.JvmPlugin)))
[debug] Clause(Atom(sbt.plugins.JvmPlugin),Set(Atom(sbt.plugins.SemanticdbPlugin)))
[debug] Clause(Atom(sbt.plugins.JvmPlugin),Set(Atom(sbt.plugins.JUnitXmlReportPlugin)))
[debug] Clause(Atom(sbt.plugins.CorePlugin),Set(Atom(sbt.plugins.Giter8TemplatePlugin)))
[debug] Clause(Atom(sbt.plugins.JvmPlugin),Set(Atom(sbt.plugins.MiniDependencyTreePlugin))))
[debug]   :: deduced result: Matched(sbt.plugins.CorePlugin,sbt.plugins.Giter8TemplatePlugin,sbt.plugins.IvyPlugin,sbt.plugins.JvmPlugin,sbt.plugins.MiniDependencyTreePlugin,sbt.plugins.JUnitXmlReportPlugin,sbt.plugins.SemanticdbPlugin)
[debug] Plugins.deducer#function took 1.660915 ms
[info] loading settings for project root from build.sbt ...
[debug]         Load.resolveProject(root) took 2.682952ms
[debug]       Load.loadTransitive: finalizeProject(Project(id root, base: /home/ubuntu/IdeaProjects/ilaya/IlayaBharathi260199, plugins: List(<none>))) took 5.509694ms
[debug] [Loading] Done in /home/ubuntu/IdeaProjects/ilaya/IlayaBharathi260199, returning: (root)
[debug]     Load.loadUnit: loadedProjectsRaw took 1735.488096ms
[debug]     Load.loadUnit: cleanEvalClasses took 84.930697ms
[debug]   Load.loadUnit(file:/home/ubuntu/IdeaProjects/ilaya/IlayaBharathi260199/, ...) took 3356.318633ms
[debug] Load.apply: load took 3361.408158ms
[debug] Load.apply: resolveProjects took 0.156875ms
[debug] Load.apply: finalTransforms took 74.388131ms
[debug] Load.apply: config.delegates took 0.524173ms
[debug] Load.apply: Def.make(settings)... took 447.489898ms
[debug] Load.apply: structureIndex took 102.034283ms
[debug] Load.apply: mkStreams took 0.003236ms
[info] set current project to ilaya (in build file:/home/ubuntu/IdeaProjects/ilaya/IlayaBharathi260199/)
[debug] > Exec(sbtPopOnFailure, None, None)
[debug] > Exec(resumeFromFailure, None, None)
[debug] > Exec(notifyUsersAboutShell, None, None)
[debug] > Exec(iflast shell, None, None)
[debug] > Exec(shell, None, None)
[info] sbt server started at local:///home/ubuntu/.sbt/1.0/server/a0e002a753557b2d684d/sock
[debug] Writing bsp connection file
[info] started sbt server
