[debug] > Exec(early(addDefaultCommands), None, None)
[debug] > Exec(addDefaultCommands, None, None)
[debug] > Exec(early(initialize), None, None)
[debug] > Exec(initialize, None, None)
[debug] > Exec(boot, None, None)
[debug] > Exec(writeSbtVersion, None, None)
[debug] > Exec(reload, None, None)
[debug] > Exec(sbtStashOnFailure, None, None)
[debug] > Exec(onFailure loadFailed, None, None)
[debug] > Exec(loadp, None, None)
[info] welcome to sbt 1.9.7 (Oracle Corporation Java 1.8.0_202)
[debug]       Load.loadUnit: plugins took 3163.357468ms
[debug]       Load.loadUnit: defsScala took 0.45123ms
[debug] [Loading] Scanning directory /home/ubuntu/.sbt/1.0/plugins
[debug] [Loading] Found non-root projects 
[debug] [Loading] Done in /home/ubuntu/.sbt/1.0/plugins, returning: ()
[debug] deducing auto plugins based on known facts Set(Atom(sbt.plugins.CorePlugin)) and clauses Clauses(Clause(Atom(sbt.plugins.JvmPlugin),Set(Atom(sbt.plugins.IvyPlugin)))
[debug] Clause(Atom(sbt.ScriptedPlugin),Set(Atom(sbt.plugins.JvmPlugin)))
[debug] Clause(Atom(sbt.plugins.SbtPlugin),Set(Atom(sbt.ScriptedPlugin)))
[debug] Clause(Atom(sbt.plugins.SemanticdbPlugin),Set(Atom(sbt.plugins.JvmPlugin)))
[debug] Clause(Atom(sbt.plugins.JUnitXmlReportPlugin),Set(Atom(sbt.plugins.JvmPlugin)))
[debug] Clause(Atom(sbt.plugins.MiniDependencyTreePlugin),Set(Atom(sbt.plugins.JvmPlugin)))
[debug] Clause(Atom(sbt.plugins.CorePlugin),Set(Atom(sbt.plugins.IvyPlugin)))
[debug] Clause(Atom(sbt.plugins.IvyPlugin),Set(Atom(sbt.plugins.JvmPlugin)))
[debug] Clause(Atom(sbt.plugins.JvmPlugin),Set(Atom(sbt.plugins.SemanticdbPlugin)))
[debug] Clause(Atom(sbt.plugins.JvmPlugin),Set(Atom(sbt.plugins.JUnitXmlReportPlugin)))
[debug] Clause(Atom(sbt.plugins.CorePlugin),Set(Atom(sbt.plugins.Giter8TemplatePlugin)))
[debug] Clause(Atom(sbt.plugins.JvmPlugin),Set(Atom(sbt.plugins.MiniDependencyTreePlugin))))
[debug]   :: deduced result: Matched(sbt.plugins.CorePlugin,sbt.plugins.Giter8TemplatePlugin,sbt.plugins.IvyPlugin,sbt.plugins.JvmPlugin,sbt.plugins.MiniDependencyTreePlugin,sbt.plugins.JUnitXmlReportPlugin,sbt.plugins.SemanticdbPlugin)
[debug] Plugins.deducer#function took 250.706919 ms
[debug]           Load.resolveProject(global-plugins) took 880.566675ms
[debug]         Load.loadTransitive: finalizeProject(Project(id global-plugins, base: /home/ubuntu/.sbt/1.0/plugins, plugins: List(<none>))) took 4455.30391ms
[debug] [Loading] Done in /home/ubuntu/.sbt/1.0/plugins, returning: (global-plugins)
[debug]       Load.loadUnit: loadedProjectsRaw took 5420.056529ms
[debug]       Load.loadUnit: cleanEvalClasses took 0.240532ms
[debug]     Load.loadUnit(file:/home/ubuntu/.sbt/1.0/plugins/, ...) took 12139.66599ms
[debug]   Load.apply: load took 22823.892372ms
[debug]   Load.apply: resolveProjects took 160.500544ms
[debug]   Load.apply: finalTransforms took 1337.610955ms
[debug]   Load.apply: config.delegates took 10.128469ms
[debug]   Load.apply: Def.make(settings)... took 17418.889136ms
[debug]   Load.apply: structureIndex took 3659.894168ms
[debug]   Load.apply: mkStreams took 1.279158ms
[info] loading global plugins from /home/ubuntu/.sbt/1.0/plugins
[debug] Running task... Cancel: Signal, check cycles: false, forcegc: true
[debug] Load.defaultLoad until apply took 217137.412022ms
[debug]           Load.loadUnit: plugins took 8363.661459ms
[debug]           Load.loadUnit: defsScala took 0.007314ms
[debug] [Loading] Scanning directory /home/ubuntu/IdeaProjects/ilaya/IlayaBharathi260199/Spark_AWS_S3/project
[debug] [Loading] Found non-root projects 
[debug] [Loading] Done in /home/ubuntu/IdeaProjects/ilaya/IlayaBharathi260199/Spark_AWS_S3/project, returning: ()
[debug] deducing auto plugins based on known facts Set(Atom(sbt.plugins.CorePlugin)) and clauses Clauses(Clause(Atom(sbt.plugins.JvmPlugin),Set(Atom(sbt.plugins.IvyPlugin)))
[debug] Clause(Atom(sbt.ScriptedPlugin),Set(Atom(sbt.plugins.JvmPlugin)))
[debug] Clause(Atom(sbt.plugins.SbtPlugin),Set(Atom(sbt.ScriptedPlugin)))
[debug] Clause(Atom(sbt.plugins.SemanticdbPlugin),Set(Atom(sbt.plugins.JvmPlugin)))
[debug] Clause(Atom(sbt.plugins.JUnitXmlReportPlugin),Set(Atom(sbt.plugins.JvmPlugin)))
[debug] Clause(Atom(sbt.plugins.MiniDependencyTreePlugin),Set(Atom(sbt.plugins.JvmPlugin)))
[debug] Clause(Atom(sbt.plugins.CorePlugin),Set(Atom(sbt.plugins.IvyPlugin)))
[debug] Clause(Atom(sbt.plugins.IvyPlugin),Set(Atom(sbt.plugins.JvmPlugin)))
[debug] Clause(Atom(sbt.plugins.JvmPlugin),Set(Atom(sbt.plugins.SemanticdbPlugin)))
[debug] Clause(Atom(sbt.plugins.JvmPlugin),Set(Atom(sbt.plugins.JUnitXmlReportPlugin)))
[debug] Clause(Atom(sbt.plugins.CorePlugin),Set(Atom(sbt.plugins.Giter8TemplatePlugin)))
[debug] Clause(Atom(sbt.plugins.JvmPlugin),Set(Atom(sbt.plugins.MiniDependencyTreePlugin))))
[debug]   :: deduced result: Matched(sbt.plugins.CorePlugin,sbt.plugins.Giter8TemplatePlugin,sbt.plugins.IvyPlugin,sbt.plugins.JvmPlugin,sbt.plugins.MiniDependencyTreePlugin,sbt.plugins.JUnitXmlReportPlugin,sbt.plugins.SemanticdbPlugin)
[debug] Plugins.deducer#function took 2.698975 ms
[debug]               Load.resolveProject(spark_aws_s3-build) took 1.522343ms
[debug]             Load.loadTransitive: finalizeProject(Project(id spark_aws_s3-build, base: /home/ubuntu/IdeaProjects/ilaya/IlayaBharathi260199/Spark_AWS_S3/project, plugins: List(<none>))) took 5.023135ms
[debug] [Loading] Done in /home/ubuntu/IdeaProjects/ilaya/IlayaBharathi260199/Spark_AWS_S3/project, returning: (spark_aws_s3-build)
[debug]           Load.loadUnit: loadedProjectsRaw took 7.347536ms
[debug]           Load.loadUnit: cleanEvalClasses took 0.017844ms
[debug]         Load.loadUnit(file:/home/ubuntu/IdeaProjects/ilaya/IlayaBharathi260199/Spark_AWS_S3/project/, ...) took 8371.950966ms
[debug]       Load.apply: load took 8374.416201ms
[debug]       Load.apply: resolveProjects took 0.107683ms
[debug]       Load.apply: finalTransforms took 37.200161ms
[debug]       Load.apply: config.delegates took 0.41986ms
[debug]       Load.apply: Def.make(settings)... took 6734.469713ms
[debug]       Load.apply: structureIndex took 462.628039ms
[debug]       Load.apply: mkStreams took 0.004649ms
[info] loading project definition from /home/ubuntu/IdeaProjects/ilaya/IlayaBharathi260199/Spark_AWS_S3/project
[debug] Running task... Cancel: Signal, check cycles: false, forcegc: true
