[debug] > Exec(early(addDefaultCommands), None, None)
[debug] > Exec(addDefaultCommands, None, None)
[debug] > Exec(early(initialize), None, None)
[debug] > Exec(initialize, None, None)
[debug] > Exec(boot, None, None)
[debug] > Exec(writeSbtVersion, None, None)
[debug] > Exec(reload, None, None)
[debug] > Exec(sbtStashOnFailure, None, None)
[debug] > Exec(onFailure loadFailed, None, None)
[debug] > Exec(loadp, None, None)
[info] welcome to sbt 1.9.8 (Oracle Corporation Java 1.8.0_202)
[debug]       Load.loadUnit: plugins took 7115.591895ms
[debug]       Load.loadUnit: defsScala took 0.477039ms
[debug] [Loading] Scanning directory /home/ubuntu/.sbt/1.0/plugins
[debug] [Loading] Found non-root projects 
[debug] [Loading] Done in /home/ubuntu/.sbt/1.0/plugins, returning: ()
[debug] deducing auto plugins based on known facts Set(Atom(sbt.plugins.CorePlugin)) and clauses Clauses(Clause(Atom(sbt.plugins.JvmPlugin),Set(Atom(sbt.plugins.IvyPlugin)))
[debug] Clause(Atom(sbt.ScriptedPlugin),Set(Atom(sbt.plugins.JvmPlugin)))
[debug] Clause(Atom(sbt.plugins.SbtPlugin),Set(Atom(sbt.ScriptedPlugin)))
[debug] Clause(Atom(sbt.plugins.SemanticdbPlugin),Set(Atom(sbt.plugins.JvmPlugin)))
[debug] Clause(Atom(sbt.plugins.JUnitXmlReportPlugin),Set(Atom(sbt.plugins.JvmPlugin)))
[debug] Clause(Atom(sbt.plugins.MiniDependencyTreePlugin),Set(Atom(sbt.plugins.JvmPlugin)))
[debug] Clause(Atom(sbt.plugins.CorePlugin),Set(Atom(sbt.plugins.IvyPlugin)))
[debug] Clause(Atom(sbt.plugins.IvyPlugin),Set(Atom(sbt.plugins.JvmPlugin)))
[debug] Clause(Atom(sbt.plugins.JvmPlugin),Set(Atom(sbt.plugins.SemanticdbPlugin)))
[debug] Clause(Atom(sbt.plugins.JvmPlugin),Set(Atom(sbt.plugins.JUnitXmlReportPlugin)))
[debug] Clause(Atom(sbt.plugins.CorePlugin),Set(Atom(sbt.plugins.Giter8TemplatePlugin)))
[debug] Clause(Atom(sbt.plugins.JvmPlugin),Set(Atom(sbt.plugins.MiniDependencyTreePlugin))))
[debug]   :: deduced result: Matched(sbt.plugins.CorePlugin,sbt.plugins.Giter8TemplatePlugin,sbt.plugins.IvyPlugin,sbt.plugins.JvmPlugin,sbt.plugins.MiniDependencyTreePlugin,sbt.plugins.JUnitXmlReportPlugin,sbt.plugins.SemanticdbPlugin)
[debug] Plugins.deducer#function took 61.826589 ms
[warn] In the last 25 seconds, 6.795 (28.0%) were spent in GC. [Heap: 0.21GB free of 0.23GB, max 1.72GB] Consider increasing the JVM heap using `-Xmx` or try a different collector, e.g. `-XX:+UseG1GC`, for better performance.
[debug]           Load.resolveProject(global-plugins) took 8806.999814ms
[debug]         Load.loadTransitive: finalizeProject(Project(id global-plugins, base: /home/ubuntu/.sbt/1.0/plugins, plugins: List(<none>))) took 9617.542622ms
[debug] [Loading] Done in /home/ubuntu/.sbt/1.0/plugins, returning: (global-plugins)
[debug]       Load.loadUnit: loadedProjectsRaw took 13379.039467ms
[debug]       Load.loadUnit: cleanEvalClasses took 0.335401ms
[debug]     Load.loadUnit(file:/home/ubuntu/.sbt/1.0/plugins/, ...) took 20503.862529ms
[debug]   Load.apply: load took 24699.929579ms
[debug]   Load.apply: resolveProjects took 6.606826ms
[debug]   Load.apply: finalTransforms took 5917.729656ms
[debug]   Load.apply: config.delegates took 8.386655ms
[debug]   Load.apply: Def.make(settings)... took 52212.824985ms
[debug]   Load.apply: structureIndex took 1121.4625ms
[debug]   Load.apply: mkStreams took 1.54112ms
[info] loading global plugins from /home/ubuntu/.sbt/1.0/plugins
[debug] Running task... Cancel: Signal, check cycles: false, forcegc: true
[debug] Load.defaultLoad until apply took 180972.489744ms
[debug]           Load.loadUnit: plugins took 1768.723705ms
[debug]           Load.loadUnit: defsScala took 0.008596ms
[debug] [Loading] Scanning directory /home/ubuntu/IdeaProjects/ilaya/IlayaBharathi260199/SparkSQL/project
[debug] [Loading] Found non-root projects 
[debug] [Loading] Done in /home/ubuntu/IdeaProjects/ilaya/IlayaBharathi260199/SparkSQL/project, returning: ()
[debug] deducing auto plugins based on known facts Set(Atom(sbt.plugins.CorePlugin)) and clauses Clauses(Clause(Atom(sbt.plugins.JvmPlugin),Set(Atom(sbt.plugins.IvyPlugin)))
[debug] Clause(Atom(sbt.ScriptedPlugin),Set(Atom(sbt.plugins.JvmPlugin)))
[debug] Clause(Atom(sbt.plugins.SbtPlugin),Set(Atom(sbt.ScriptedPlugin)))
[debug] Clause(Atom(sbt.plugins.SemanticdbPlugin),Set(Atom(sbt.plugins.JvmPlugin)))
[debug] Clause(Atom(sbt.plugins.JUnitXmlReportPlugin),Set(Atom(sbt.plugins.JvmPlugin)))
[debug] Clause(Atom(sbt.plugins.MiniDependencyTreePlugin),Set(Atom(sbt.plugins.JvmPlugin)))
[debug] Clause(Atom(sbt.plugins.CorePlugin),Set(Atom(sbt.plugins.IvyPlugin)))
[debug] Clause(Atom(sbt.plugins.IvyPlugin),Set(Atom(sbt.plugins.JvmPlugin)))
[debug] Clause(Atom(sbt.plugins.JvmPlugin),Set(Atom(sbt.plugins.SemanticdbPlugin)))
[debug] Clause(Atom(sbt.plugins.JvmPlugin),Set(Atom(sbt.plugins.JUnitXmlReportPlugin)))
[debug] Clause(Atom(sbt.plugins.CorePlugin),Set(Atom(sbt.plugins.Giter8TemplatePlugin)))
[debug] Clause(Atom(sbt.plugins.JvmPlugin),Set(Atom(sbt.plugins.MiniDependencyTreePlugin))))
[debug]   :: deduced result: Matched(sbt.plugins.CorePlugin,sbt.plugins.Giter8TemplatePlugin,sbt.plugins.IvyPlugin,sbt.plugins.JvmPlugin,sbt.plugins.MiniDependencyTreePlugin,sbt.plugins.JUnitXmlReportPlugin,sbt.plugins.SemanticdbPlugin)
[debug] Plugins.deducer#function took 14.566082 ms
[debug]               Load.resolveProject(sparksql-build) took 4.706681ms
[debug]             Load.loadTransitive: finalizeProject(Project(id sparksql-build, base: /home/ubuntu/IdeaProjects/ilaya/IlayaBharathi260199/SparkSQL/project, plugins: List(<none>))) took 35.569002ms
[debug] [Loading] Done in /home/ubuntu/IdeaProjects/ilaya/IlayaBharathi260199/SparkSQL/project, returning: (sparksql-build)
[debug]           Load.loadUnit: loadedProjectsRaw took 59.400683ms
[debug]           Load.loadUnit: cleanEvalClasses took 0.022663ms
[debug]         Load.loadUnit(file:/home/ubuntu/IdeaProjects/ilaya/IlayaBharathi260199/SparkSQL/project/, ...) took 1832.482484ms
[debug]       Load.apply: load took 1836.499674ms
[debug]       Load.apply: resolveProjects took 0.271561ms
[debug]       Load.apply: finalTransforms took 59.668987ms
[debug]       Load.apply: config.delegates took 1.908879ms
[debug]       Load.apply: Def.make(settings)... took 1287.514461ms
[debug]       Load.apply: structureIndex took 554.21942ms
[debug]       Load.apply: mkStreams took 0.003727ms
[info] loading project definition from /home/ubuntu/IdeaProjects/ilaya/IlayaBharathi260199/SparkSQL/project
[debug] Running task... Cancel: Signal, check cycles: false, forcegc: true
[debug]     Load.loadUnit: plugins took 58752.718825ms
[debug]     Load.loadUnit: defsScala took 0.016551ms
[debug] [Loading] Scanning directory /home/ubuntu/IdeaProjects/ilaya/IlayaBharathi260199/SparkSQL
[debug]       Load.loadUnit: mkEval took 17.07001ms
